0 info it worked if it ends with ok
1 verbose cli [ '/usr/bin/node',
1 verbose cli   '/usr/bin/npm',
1 verbose cli   'run',
1 verbose cli   'lint',
1 verbose cli   '0-console.js',
1 verbose cli   '--fix' ]
2 info using npm@3.5.2
3 info using node@v8.10.0
4 verbose run-script [ 'prelint', 'lint', 'postlint' ]
5 info lifecycle node_js_basics@1.0.0~prelint: node_js_basics@1.0.0
6 silly lifecycle node_js_basics@1.0.0~prelint: no script for prelint, continuing
7 info lifecycle node_js_basics@1.0.0~lint: node_js_basics@1.0.0
8 verbose lifecycle node_js_basics@1.0.0~lint: unsafe-perm in lifecycle true
9 verbose lifecycle node_js_basics@1.0.0~lint: PATH: /usr/share/npm/bin/node-gyp-bin:/home/alx-backend-javascript/0x05-Node_JS_basic/node_modules/.bin:/usr/local/sbin:/usr/local/bin:/usr/sbin:/usr/bin:/sbin:/bin
10 verbose lifecycle node_js_basics@1.0.0~lint: CWD: /home/alx-backend-javascript/0x05-Node_JS_basic
11 silly lifecycle node_js_basics@1.0.0~lint: Args: [ '-c', 'eslint "0-console.js"' ]
12 info lifecycle node_js_basics@1.0.0~lint: Failed to exec lint script
13 verbose stack Error: node_js_basics@1.0.0 lint: `eslint "0-console.js"`
13 verbose stack spawn ENOENT
13 verbose stack     at ChildProcess.<anonymous> (/usr/share/npm/lib/utils/spawn.js:17:16)
13 verbose stack     at emitTwo (events.js:126:13)
13 verbose stack     at ChildProcess.emit (events.js:214:7)
13 verbose stack     at maybeClose (internal/child_process.js:925:16)
13 verbose stack     at Process.ChildProcess._handle.onexit (internal/child_process.js:209:5)
14 verbose pkgid node_js_basics@1.0.0
15 verbose cwd /home/alx-backend-javascript/0x05-Node_JS_basic
16 error Linux 5.4.0-1049-aws
17 error argv "/usr/bin/node" "/usr/bin/npm" "run" "lint" "0-console.js" "--fix"
18 error node v8.10.0
19 error npm  v3.5.2
20 error file sh
21 error code ELIFECYCLE
22 error errno ENOENT
23 error syscall spawn
24 error node_js_basics@1.0.0 lint: `eslint "0-console.js"`
24 error spawn ENOENT
25 error Failed at the node_js_basics@1.0.0 lint script 'eslint "0-console.js"'.
25 error Make sure you have the latest version of node.js and npm installed.
25 error If you do, this is most likely a problem with the node_js_basics package,
25 error not with npm itself.
25 error Tell the author that this fails on your system:
25 error     eslint "0-console.js"
25 error You can get information on how to open an issue for this project with:
25 error     npm bugs node_js_basics
25 error Or if that isn't available, you can get their info via:
25 error     npm owner ls node_js_basics
25 error There is likely additional logging output above.
26 verbose exit [ 1, true ]
